<?xml version="1.0" encoding="UTF-8"?>
<testsuite xmlns:xsi="http://www.w3.org/2001/XMLSchema-instance" xsi:noNamespaceSchemaLocation="https://maven.apache.org/surefire/maven-surefire-plugin/xsd/surefire-test-report.xsd" name="base.firstTest" time="1.179" tests="3" errors="0" skipped="2" failures="1">
  <properties>
[...]
</properties>
  <testcase name="setup" classname="base.firstTest" time="0.719">
    <failure message="The driver executable does not exist: /Users/renxing/Desktop/GroupBlueFrameWork/Generic/DriversForBrowser/chromedriver" type="java.lang.IllegalStateException">java.lang.IllegalStateException: The driver executable does not exist: /Users/renxing/Desktop/GroupBlueFrameWork/Generic/DriversForBrowser/chromedriver
</failure>
  </testcase>
  <testcase name="search" classname="base.firstTest" time="0">
    <skipped message="The driver executable does not exist: /Users/renxing/Desktop/GroupBlueFrameWork/Generic/DriversForBrowser/chromedriver"/>
  </testcase>
  <testcase name="close" classname="base.firstTest" time="0">
    <skipped/>
  </testcase>
</testsuite>