<?xml version="1.0" encoding="UTF-8"?>
<testsuite xmlns:xsi="http://www.w3.org/2001/XMLSchema-instance" xsi:noNamespaceSchemaLocation="https://maven.apache.org/surefire/maven-surefire-plugin/xsd/surefire-test-report.xsd" name="TestSuite" time="0.798" tests="227" errors="0" skipped="220" failures="7">
  <properties>
[...]
</properties>
  <testcase name="setUp" classname="Search.PageSearch_option_attempt_Test" time="0.49">
    <failure message="The driver executable does not exist: /Users/URMI/Desktop/GroupBlueFrameWork/Generic/DriversForBrowser/chromedriver" type="java.lang.IllegalStateException">java.lang.IllegalStateException: The driver executable does not exist: /Users/URMI/Desktop/GroupBlueFrameWork/Generic/DriversForBrowser/chromedriver
</failure>
  </testcase>
  <testcase name="setUp" classname="Search.PageSearch_option_attempt_Test" time="0">
    <skipped/>
  </testcase>
  <testcase name="setUp" classname="Search.PageSearch_option_attempt_Test" time="0">
    <skipped/>
  </testcase>
  <testcase name="setUp" classname="Search.PageSearch_option_attempt_Test" time="0">
    <skipped/>
  </testcase>
  <testcase name="setUp" classname="Search.PageSearch_option_attempt_Test" time="0">
    <skipped/>
  </testcase>
  <testcase name="setUp" classname="Search.PageSearch_option_attempt_Test" time="0">
    <skipped/>
  </testcase>
  <testcase name="setUp" classname="Search.PageSearch_option_attempt_Test" time="0">
    <skipped/>
  </testcase>
  <testcase name="setUp" classname="Search.PageSearch_option_attempt_Test" time="0">
    <skipped/>
  </testcase>
  <testcase name="setUp" classname="Search.PageSearch_option_attempt_Test" time="0">
    <skipped/>
  </testcase>
  <testcase name="setUp" classname="Search.PageSearch_option_attempt_Test" time="0">
    <skipped/>
  </testcase>
  <testcase name="startExtent" classname="Search.PageSearch_option_attempt_Test" time="0">
    <skipped/>
  </testcase>
  <testcase name="startExtent" classname="Search.PageSearch_option_attempt_Test" time="0">
    <skipped/>
  </testcase>
  <testcase name="startExtent" classname="Search.PageSearch_option_attempt_Test" time="0">
    <skipped/>
  </testcase>
  <testcase name="startExtent" classname="Search.PageSearch_option_attempt_Test" time="0">
    <skipped/>
  </testcase>
  <testcase name="startExtent" classname="Search.PageSearch_option_attempt_Test" time="0">
    <skipped/>
  </testcase>
  <testcase name="startExtent" classname="Search.PageSearch_option_attempt_Test" time="0">
    <skipped/>
  </testcase>
  <testcase name="startExtent" classname="Search.PageSearch_option_attempt_Test" time="0">
    <skipped/>
  </testcase>
  <testcase name="startExtent" classname="Search.PageSearch_option_attempt_Test" time="0">
    <skipped/>
  </testcase>
  <testcase name="startExtent" classname="Search.PageSearch_option_attempt_Test" time="0">
    <skipped/>
  </testcase>
  <testcase name="startExtent" classname="Search.PageSearch_option_attempt_Test" time="0">
    <skipped/>
  </testcase>
  <testcase name="init" classname="Search.PageSearch_option_attempt_Test" time="0">
    <skipped/>
  </testcase>
  <testcase name="init" classname="Search.PageSearch_option_attempt_Test" time="0">
    <skipped/>
  </testcase>
  <testcase name="init" classname="Search.PageSearch_option_attempt_Test" time="0">
    <skipped/>
  </testcase>
  <testcase name="init" classname="Search.PageSearch_option_attempt_Test" time="0">
    <skipped/>
  </testcase>
  <testcase name="init" classname="Search.PageSearch_option_attempt_Test" time="0">
    <skipped/>
  </testcase>
  <testcase name="init" classname="Search.PageSearch_option_attempt_Test" time="0">
    <skipped/>
  </testcase>
  <testcase name="init" classname="Search.PageSearch_option_attempt_Test" time="0">
    <skipped/>
  </testcase>
  <testcase name="init" classname="Search.PageSearch_option_attempt_Test" time="0">
    <skipped/>
  </testcase>
  <testcase name="init" classname="Search.PageSearch_option_attempt_Test" time="0">
    <skipped/>
  </testcase>
  <testcase name="init" classname="Search.PageSearch_option_attempt_Test" time="0">
    <skipped/>
  </testcase>
  <testcase name="ClassBody" classname="Search.PageSearch_option_attempt_Test" time="0">
    <skipped message="The driver executable does not exist: /Users/URMI/Desktop/GroupBlueFrameWork/Generic/DriversForBrowser/chromedriver"/>
  </testcase>
  <testcase name="afterEachTestMethod" classname="Search.PageSearch_option_attempt_Test" time="0">
    <skipped/>
  </testcase>
  <testcase name="afterEachTestMethod" classname="Search.PageSearch_option_attempt_Test" time="0">
    <skipped/>
  </testcase>
  <testcase name="afterEachTestMethod" classname="Search.PageSearch_option_attempt_Test" time="0">
    <skipped/>
  </testcase>
  <testcase name="afterEachTestMethod" classname="Search.PageSearch_option_attempt_Test" time="0">
    <skipped/>
  </testcase>
  <testcase name="afterEachTestMethod" classname="Search.PageSearch_option_attempt_Test" time="0">
    <skipped/>
  </testcase>
  <testcase name="afterEachTestMethod" classname="Search.PageSearch_option_attempt_Test" time="0">
    <skipped/>
  </testcase>
  <testcase name="afterEachTestMethod" classname="Search.PageSearch_option_attempt_Test" time="0">
    <skipped/>
  </testcase>
  <testcase name="afterEachTestMethod" classname="Search.PageSearch_option_attempt_Test" time="0">
    <skipped/>
  </testcase>
  <testcase name="afterEachTestMethod" classname="Search.PageSearch_option_attempt_Test" time="0">
    <skipped/>
  </testcase>
  <testcase name="afterEachTestMethod" classname="Search.PageSearch_option_attempt_Test" time="0">
    <skipped/>
  </testcase>
  <testcase name="Hovermenu" classname="Search.PageSearch_option_attempt_Test" time="0">
    <skipped message="The driver executable does not exist: /Users/URMI/Desktop/GroupBlueFrameWork/Generic/DriversForBrowser/chromedriver"/>
  </testcase>
  <testcase name="SearchPage" classname="Search.PageSearch_option_attempt_Test" time="0">
    <skipped message="The driver executable does not exist: /Users/URMI/Desktop/GroupBlueFrameWork/Generic/DriversForBrowser/chromedriver"/>
  </testcase>
  <testcase name="TermsofUse" classname="Search.PageSearch_option_attempt_Test" time="0">
    <skipped message="The driver executable does not exist: /Users/URMI/Desktop/GroupBlueFrameWork/Generic/DriversForBrowser/chromedriver"/>
  </testcase>
  <testcase name="aTMLocation" classname="Search.PageSearch_option_attempt_Test" time="0">
    <skipped message="The driver executable does not exist: /Users/URMI/Desktop/GroupBlueFrameWork/Generic/DriversForBrowser/chromedriver"/>
  </testcase>
  <testcase name="business" classname="Search.PageSearch_option_attempt_Test" time="0">
    <skipped message="The driver executable does not exist: /Users/URMI/Desktop/GroupBlueFrameWork/Generic/DriversForBrowser/chromedriver"/>
  </testcase>
  <testcase name="contactus" classname="Search.PageSearch_option_attempt_Test" time="0">
    <skipped message="The driver executable does not exist: /Users/URMI/Desktop/GroupBlueFrameWork/Generic/DriversForBrowser/chromedriver"/>
  </testcase>
  <testcase name="findATM" classname="Search.PageSearch_option_attempt_Test" time="0">
    <skipped message="The driver executable does not exist: /Users/URMI/Desktop/GroupBlueFrameWork/Generic/DriversForBrowser/chromedriver"/>
  </testcase>
  <testcase name="mortgageLending" classname="Search.PageSearch_option_attempt_Test" time="0">
    <skipped message="The driver executable does not exist: /Users/URMI/Desktop/GroupBlueFrameWork/Generic/DriversForBrowser/chromedriver"/>
  </testcase>
  <testcase name="privacypolicy" classname="Search.PageSearch_option_attempt_Test" time="0">
    <skipped message="The driver executable does not exist: /Users/URMI/Desktop/GroupBlueFrameWork/Generic/DriversForBrowser/chromedriver"/>
  </testcase>
  <testcase name="setUp" classname="Search.BusinessTextOptionPageTest" time="0.501">
    <failure message="The driver executable does not exist: /Users/URMI/Desktop/GroupBlueFrameWork/Generic/DriversForBrowser/chromedriver" type="java.lang.IllegalStateException">java.lang.IllegalStateException: The driver executable does not exist: /Users/URMI/Desktop/GroupBlueFrameWork/Generic/DriversForBrowser/chromedriver
</failure>
  </testcase>
  <testcase name="setUp" classname="Search.BusinessTextOptionPageTest" time="0">
    <skipped/>
  </testcase>
  <testcase name="setUp" classname="Search.BusinessTextOptionPageTest" time="0">
    <skipped/>
  </testcase>
  <testcase name="startExtent" classname="Search.BusinessTextOptionPageTest" time="0">
    <skipped/>
  </testcase>
  <testcase name="startExtent" classname="Search.BusinessTextOptionPageTest" time="0">
    <skipped/>
  </testcase>
  <testcase name="startExtent" classname="Search.BusinessTextOptionPageTest" time="0">
    <skipped/>
  </testcase>
  <testcase name="initelement" classname="Search.BusinessTextOptionPageTest" time="0">
    <skipped/>
  </testcase>
  <testcase name="initelement" classname="Search.BusinessTextOptionPageTest" time="0">
    <skipped/>
  </testcase>
  <testcase name="initelement" classname="Search.BusinessTextOptionPageTest" time="0">
    <skipped/>
  </testcase>
  <testcase name="Banking_Test" classname="Search.BusinessTextOptionPageTest" time="0">
    <skipped message="The driver executable does not exist: /Users/URMI/Desktop/GroupBlueFrameWork/Generic/DriversForBrowser/chromedriver"/>
  </testcase>
  <testcase name="afterEachTestMethod" classname="Search.BusinessTextOptionPageTest" time="0">
    <skipped/>
  </testcase>
  <testcase name="afterEachTestMethod" classname="Search.BusinessTextOptionPageTest" time="0">
    <skipped/>
  </testcase>
  <testcase name="afterEachTestMethod" classname="Search.BusinessTextOptionPageTest" time="0">
    <skipped/>
  </testcase>
  <testcase name="Borrowing_Test" classname="Search.BusinessTextOptionPageTest" time="0">
    <skipped message="The driver executable does not exist: /Users/URMI/Desktop/GroupBlueFrameWork/Generic/DriversForBrowser/chromedriver"/>
  </testcase>
  <testcase name="BusinessFirst_Test" classname="Search.BusinessTextOptionPageTest" time="0">
    <skipped message="The driver executable does not exist: /Users/URMI/Desktop/GroupBlueFrameWork/Generic/DriversForBrowser/chromedriver"/>
  </testcase>
  <testcase name="setUp" classname="Search.ATMBranchPageTest" time="0.505">
    <failure message="The driver executable does not exist: /Users/URMI/Desktop/GroupBlueFrameWork/Generic/DriversForBrowser/chromedriver" type="java.lang.IllegalStateException">java.lang.IllegalStateException: The driver executable does not exist: /Users/URMI/Desktop/GroupBlueFrameWork/Generic/DriversForBrowser/chromedriver
</failure>
  </testcase>
  <testcase name="setUp" classname="Search.ATMBranchPageTest" time="0">
    <skipped/>
  </testcase>
  <testcase name="startExtent" classname="Search.ATMBranchPageTest" time="0">
    <skipped/>
  </testcase>
  <testcase name="startExtent" classname="Search.ATMBranchPageTest" time="0">
    <skipped/>
  </testcase>
  <testcase name="initelement" classname="Search.ATMBranchPageTest" time="0">
    <skipped/>
  </testcase>
  <testcase name="initelement" classname="Search.ATMBranchPageTest" time="0">
    <skipped/>
  </testcase>
  <testcase name="BrowseByState_Test" classname="Search.ATMBranchPageTest" time="0">
    <skipped message="The driver executable does not exist: /Users/URMI/Desktop/GroupBlueFrameWork/Generic/DriversForBrowser/chromedriver"/>
  </testcase>
  <testcase name="afterEachTestMethod" classname="Search.ATMBranchPageTest" time="0">
    <skipped/>
  </testcase>
  <testcase name="afterEachTestMethod" classname="Search.ATMBranchPageTest" time="0">
    <skipped/>
  </testcase>
  <testcase name="TextInput_Test" classname="Search.ATMBranchPageTest" time="0">
    <skipped message="The driver executable does not exist: /Users/URMI/Desktop/GroupBlueFrameWork/Generic/DriversForBrowser/chromedriver"/>
  </testcase>
  <testcase name="setUp" classname="Search.AboutTextOptionPageTest" time="0.507">
    <failure message="The driver executable does not exist: /Users/URMI/Desktop/GroupBlueFrameWork/Generic/DriversForBrowser/chromedriver" type="java.lang.IllegalStateException">java.lang.IllegalStateException: The driver executable does not exist: /Users/URMI/Desktop/GroupBlueFrameWork/Generic/DriversForBrowser/chromedriver
</failure>
  </testcase>
  <testcase name="setUp" classname="Search.AboutTextOptionPageTest" time="0">
    <skipped/>
  </testcase>
  <testcase name="startExtent" classname="Search.AboutTextOptionPageTest" time="0">
    <skipped/>
  </testcase>
  <testcase name="startExtent" classname="Search.AboutTextOptionPageTest" time="0">
    <skipped/>
  </testcase>
  <testcase name="initelement" classname="Search.AboutTextOptionPageTest" time="0">
    <skipped/>
  </testcase>
  <testcase name="initelement" classname="Search.AboutTextOptionPageTest" time="0">
    <skipped/>
  </testcase>
  <testcase name="SantanderBankUni_Test" classname="Search.AboutTextOptionPageTest" time="0">
    <skipped message="The driver executable does not exist: /Users/URMI/Desktop/GroupBlueFrameWork/Generic/DriversForBrowser/chromedriver"/>
  </testcase>
  <testcase name="afterEachTestMethod" classname="Search.AboutTextOptionPageTest" time="0">
    <skipped/>
  </testcase>
  <testcase name="afterEachTestMethod" classname="Search.AboutTextOptionPageTest" time="0">
    <skipped/>
  </testcase>
  <testcase name="WhoWeAre_Test" classname="Search.AboutTextOptionPageTest" time="0">
    <skipped message="The driver executable does not exist: /Users/URMI/Desktop/GroupBlueFrameWork/Generic/DriversForBrowser/chromedriver"/>
  </testcase>
  <testcase name="setUp" classname="Search.PersonalTextOptionPageTest" time="0.511">
    <failure message="The driver executable does not exist: /Users/URMI/Desktop/GroupBlueFrameWork/Generic/DriversForBrowser/chromedriver" type="java.lang.IllegalStateException">java.lang.IllegalStateException: The driver executable does not exist: /Users/URMI/Desktop/GroupBlueFrameWork/Generic/DriversForBrowser/chromedriver
</failure>
  </testcase>
  <testcase name="setUp" classname="Search.PersonalTextOptionPageTest" time="0">
    <skipped/>
  </testcase>
  <testcase name="setUp" classname="Search.PersonalTextOptionPageTest" time="0">
    <skipped/>
  </testcase>
  <testcase name="setUp" classname="Search.PersonalTextOptionPageTest" time="0">
    <skipped/>
  </testcase>
  <testcase name="setUp" classname="Search.PersonalTextOptionPageTest" time="0">
    <skipped/>
  </testcase>
  <testcase name="startExtent" classname="Search.PersonalTextOptionPageTest" time="0">
    <skipped/>
  </testcase>
  <testcase name="startExtent" classname="Search.PersonalTextOptionPageTest" time="0">
    <skipped/>
  </testcase>
  <testcase name="startExtent" classname="Search.PersonalTextOptionPageTest" time="0">
    <skipped/>
  </testcase>
  <testcase name="startExtent" classname="Search.PersonalTextOptionPageTest" time="0">
    <skipped/>
  </testcase>
  <testcase name="startExtent" classname="Search.PersonalTextOptionPageTest" time="0">
    <skipped/>
  </testcase>
  <testcase name="initelement" classname="Search.PersonalTextOptionPageTest" time="0">
    <skipped/>
  </testcase>
  <testcase name="initelement" classname="Search.PersonalTextOptionPageTest" time="0">
    <skipped/>
  </testcase>
  <testcase name="initelement" classname="Search.PersonalTextOptionPageTest" time="0">
    <skipped/>
  </testcase>
  <testcase name="initelement" classname="Search.PersonalTextOptionPageTest" time="0">
    <skipped/>
  </testcase>
  <testcase name="initelement" classname="Search.PersonalTextOptionPageTest" time="0">
    <skipped/>
  </testcase>
  <testcase name="Banking_Test" classname="Search.PersonalTextOptionPageTest" time="0">
    <skipped message="The driver executable does not exist: /Users/URMI/Desktop/GroupBlueFrameWork/Generic/DriversForBrowser/chromedriver"/>
  </testcase>
  <testcase name="afterEachTestMethod" classname="Search.PersonalTextOptionPageTest" time="0">
    <skipped/>
  </testcase>
  <testcase name="afterEachTestMethod" classname="Search.PersonalTextOptionPageTest" time="0">
    <skipped/>
  </testcase>
  <testcase name="afterEachTestMethod" classname="Search.PersonalTextOptionPageTest" time="0">
    <skipped/>
  </testcase>
  <testcase name="afterEachTestMethod" classname="Search.PersonalTextOptionPageTest" time="0">
    <skipped/>
  </testcase>
  <testcase name="afterEachTestMethod" classname="Search.PersonalTextOptionPageTest" time="0">
    <skipped/>
  </testcase>
  <testcase name="Borrowing_Test" classname="Search.PersonalTextOptionPageTest" time="0">
    <skipped message="The driver executable does not exist: /Users/URMI/Desktop/GroupBlueFrameWork/Generic/DriversForBrowser/chromedriver"/>
  </testcase>
  <testcase name="CreditCard_Test" classname="Search.PersonalTextOptionPageTest" time="0">
    <skipped message="The driver executable does not exist: /Users/URMI/Desktop/GroupBlueFrameWork/Generic/DriversForBrowser/chromedriver"/>
  </testcase>
  <testcase name="InvestmentandProtections_Test" classname="Search.PersonalTextOptionPageTest" time="0">
    <skipped message="The driver executable does not exist: /Users/URMI/Desktop/GroupBlueFrameWork/Generic/DriversForBrowser/chromedriver"/>
  </testcase>
  <testcase name="ProsperandThrives_Test" classname="Search.PersonalTextOptionPageTest" time="0">
    <skipped message="The driver executable does not exist: /Users/URMI/Desktop/GroupBlueFrameWork/Generic/DriversForBrowser/chromedriver"/>
  </testcase>
  <testcase name="setUp" classname="Search.CorporateTextOptionPageTest" time="0.517">
    <failure message="The driver executable does not exist: /Users/URMI/Desktop/GroupBlueFrameWork/Generic/DriversForBrowser/chromedriver" type="java.lang.IllegalStateException">java.lang.IllegalStateException: The driver executable does not exist: /Users/URMI/Desktop/GroupBlueFrameWork/Generic/DriversForBrowser/chromedriver
</failure>
  </testcase>
  <testcase name="setUp" classname="Search.CorporateTextOptionPageTest" time="0">
    <skipped/>
  </testcase>
  <testcase name="startExtent" classname="Search.CorporateTextOptionPageTest" time="0">
    <skipped/>
  </testcase>
  <testcase name="startExtent" classname="Search.CorporateTextOptionPageTest" time="0">
    <skipped/>
  </testcase>
  <testcase name="initelement" classname="Search.CorporateTextOptionPageTest" time="0">
    <skipped/>
  </testcase>
  <testcase name="initelement" classname="Search.CorporateTextOptionPageTest" time="0">
    <skipped/>
  </testcase>
  <testcase name="CorporateCapabilities_Test" classname="Search.CorporateTextOptionPageTest" time="0">
    <skipped message="The driver executable does not exist: /Users/URMI/Desktop/GroupBlueFrameWork/Generic/DriversForBrowser/chromedriver"/>
  </testcase>
  <testcase name="afterEachTestMethod" classname="Search.CorporateTextOptionPageTest" time="0">
    <skipped/>
  </testcase>
  <testcase name="afterEachTestMethod" classname="Search.CorporateTextOptionPageTest" time="0">
    <skipped/>
  </testcase>
  <testcase name="StanderderPrespectives_Test" classname="Search.CorporateTextOptionPageTest" time="0">
    <skipped message="The driver executable does not exist: /Users/URMI/Desktop/GroupBlueFrameWork/Generic/DriversForBrowser/chromedriver"/>
  </testcase>
  <testcase name="setUp" classname="Search.HomePageTest" time="0.52">
    <failure message="The driver executable does not exist: /Users/URMI/Desktop/GroupBlueFrameWork/Generic/DriversForBrowser/chromedriver" type="java.lang.IllegalStateException">java.lang.IllegalStateException: The driver executable does not exist: /Users/URMI/Desktop/GroupBlueFrameWork/Generic/DriversForBrowser/chromedriver
</failure>
  </testcase>
  <testcase name="setUp" classname="Search.HomePageTest" time="0">
    <skipped/>
  </testcase>
  <testcase name="setUp" classname="Search.HomePageTest" time="0">
    <skipped/>
  </testcase>
  <testcase name="setUp" classname="Search.HomePageTest" time="0">
    <skipped/>
  </testcase>
  <testcase name="setUp" classname="Search.HomePageTest" time="0">
    <skipped/>
  </testcase>
  <testcase name="setUp" classname="Search.HomePageTest" time="0">
    <skipped/>
  </testcase>
  <testcase name="setUp" classname="Search.HomePageTest" time="0">
    <skipped/>
  </testcase>
  <testcase name="setUp" classname="Search.HomePageTest" time="0">
    <skipped/>
  </testcase>
  <testcase name="setUp" classname="Search.HomePageTest" time="0">
    <skipped/>
  </testcase>
  <testcase name="setUp" classname="Search.HomePageTest" time="0">
    <skipped/>
  </testcase>
  <testcase name="setUp" classname="Search.HomePageTest" time="0">
    <skipped/>
  </testcase>
  <testcase name="setUp" classname="Search.HomePageTest" time="0">
    <skipped/>
  </testcase>
  <testcase name="setUp" classname="Search.HomePageTest" time="0">
    <skipped/>
  </testcase>
  <testcase name="setUp" classname="Search.HomePageTest" time="0">
    <skipped/>
  </testcase>
  <testcase name="setUp" classname="Search.HomePageTest" time="0">
    <skipped/>
  </testcase>
  <testcase name="setUp" classname="Search.HomePageTest" time="0">
    <skipped/>
  </testcase>
  <testcase name="setUp" classname="Search.HomePageTest" time="0">
    <skipped/>
  </testcase>
  <testcase name="setUp" classname="Search.HomePageTest" time="0">
    <skipped/>
  </testcase>
  <testcase name="setUp" classname="Search.HomePageTest" time="0">
    <skipped/>
  </testcase>
  <testcase name="setUp" classname="Search.HomePageTest" time="0">
    <skipped/>
  </testcase>
  <testcase name="setUp" classname="Search.HomePageTest" time="0">
    <skipped/>
  </testcase>
  <testcase name="startExtent" classname="Search.HomePageTest" time="0">
    <skipped/>
  </testcase>
  <testcase name="startExtent" classname="Search.HomePageTest" time="0">
    <skipped/>
  </testcase>
  <testcase name="startExtent" classname="Search.HomePageTest" time="0">
    <skipped/>
  </testcase>
  <testcase name="startExtent" classname="Search.HomePageTest" time="0">
    <skipped/>
  </testcase>
  <testcase name="startExtent" classname="Search.HomePageTest" time="0">
    <skipped/>
  </testcase>
  <testcase name="startExtent" classname="Search.HomePageTest" time="0">
    <skipped/>
  </testcase>
  <testcase name="startExtent" classname="Search.HomePageTest" time="0">
    <skipped/>
  </testcase>
  <testcase name="startExtent" classname="Search.HomePageTest" time="0">
    <skipped/>
  </testcase>
  <testcase name="startExtent" classname="Search.HomePageTest" time="0">
    <skipped/>
  </testcase>
  <testcase name="startExtent" classname="Search.HomePageTest" time="0">
    <skipped/>
  </testcase>
  <testcase name="startExtent" classname="Search.HomePageTest" time="0">
    <skipped/>
  </testcase>
  <testcase name="startExtent" classname="Search.HomePageTest" time="0">
    <skipped/>
  </testcase>
  <testcase name="startExtent" classname="Search.HomePageTest" time="0">
    <skipped/>
  </testcase>
  <testcase name="startExtent" classname="Search.HomePageTest" time="0">
    <skipped/>
  </testcase>
  <testcase name="startExtent" classname="Search.HomePageTest" time="0">
    <skipped/>
  </testcase>
  <testcase name="startExtent" classname="Search.HomePageTest" time="0">
    <skipped/>
  </testcase>
  <testcase name="startExtent" classname="Search.HomePageTest" time="0">
    <skipped/>
  </testcase>
  <testcase name="startExtent" classname="Search.HomePageTest" time="0">
    <skipped/>
  </testcase>
  <testcase name="startExtent" classname="Search.HomePageTest" time="0">
    <skipped/>
  </testcase>
  <testcase name="startExtent" classname="Search.HomePageTest" time="0">
    <skipped/>
  </testcase>
  <testcase name="startExtent" classname="Search.HomePageTest" time="0">
    <skipped/>
  </testcase>
  <testcase name="initializing" classname="Search.HomePageTest" time="0">
    <skipped/>
  </testcase>
  <testcase name="initializing" classname="Search.HomePageTest" time="0">
    <skipped/>
  </testcase>
  <testcase name="initializing" classname="Search.HomePageTest" time="0">
    <skipped/>
  </testcase>
  <testcase name="initializing" classname="Search.HomePageTest" time="0">
    <skipped/>
  </testcase>
  <testcase name="initializing" classname="Search.HomePageTest" time="0">
    <skipped/>
  </testcase>
  <testcase name="initializing" classname="Search.HomePageTest" time="0">
    <skipped/>
  </testcase>
  <testcase name="initializing" classname="Search.HomePageTest" time="0">
    <skipped/>
  </testcase>
  <testcase name="initializing" classname="Search.HomePageTest" time="0">
    <skipped/>
  </testcase>
  <testcase name="initializing" classname="Search.HomePageTest" time="0">
    <skipped/>
  </testcase>
  <testcase name="initializing" classname="Search.HomePageTest" time="0">
    <skipped/>
  </testcase>
  <testcase name="initializing" classname="Search.HomePageTest" time="0">
    <skipped/>
  </testcase>
  <testcase name="initializing" classname="Search.HomePageTest" time="0">
    <skipped/>
  </testcase>
  <testcase name="initializing" classname="Search.HomePageTest" time="0">
    <skipped/>
  </testcase>
  <testcase name="initializing" classname="Search.HomePageTest" time="0">
    <skipped/>
  </testcase>
  <testcase name="initializing" classname="Search.HomePageTest" time="0">
    <skipped/>
  </testcase>
  <testcase name="initializing" classname="Search.HomePageTest" time="0">
    <skipped/>
  </testcase>
  <testcase name="initializing" classname="Search.HomePageTest" time="0">
    <skipped/>
  </testcase>
  <testcase name="initializing" classname="Search.HomePageTest" time="0">
    <skipped/>
  </testcase>
  <testcase name="initializing" classname="Search.HomePageTest" time="0">
    <skipped/>
  </testcase>
  <testcase name="initializing" classname="Search.HomePageTest" time="0">
    <skipped/>
  </testcase>
  <testcase name="initializing" classname="Search.HomePageTest" time="0">
    <skipped/>
  </testcase>
  <testcase name="ATM_BranchLocation_Test" classname="Search.HomePageTest" time="0">
    <skipped message="The driver executable does not exist: /Users/URMI/Desktop/GroupBlueFrameWork/Generic/DriversForBrowser/chromedriver"/>
  </testcase>
  <testcase name="afterEachTestMethod" classname="Search.HomePageTest" time="0">
    <skipped/>
  </testcase>
  <testcase name="afterEachTestMethod" classname="Search.HomePageTest" time="0">
    <skipped/>
  </testcase>
  <testcase name="afterEachTestMethod" classname="Search.HomePageTest" time="0">
    <skipped/>
  </testcase>
  <testcase name="afterEachTestMethod" classname="Search.HomePageTest" time="0">
    <skipped/>
  </testcase>
  <testcase name="afterEachTestMethod" classname="Search.HomePageTest" time="0">
    <skipped/>
  </testcase>
  <testcase name="afterEachTestMethod" classname="Search.HomePageTest" time="0">
    <skipped/>
  </testcase>
  <testcase name="afterEachTestMethod" classname="Search.HomePageTest" time="0">
    <skipped/>
  </testcase>
  <testcase name="afterEachTestMethod" classname="Search.HomePageTest" time="0">
    <skipped/>
  </testcase>
  <testcase name="afterEachTestMethod" classname="Search.HomePageTest" time="0">
    <skipped/>
  </testcase>
  <testcase name="afterEachTestMethod" classname="Search.HomePageTest" time="0">
    <skipped/>
  </testcase>
  <testcase name="afterEachTestMethod" classname="Search.HomePageTest" time="0">
    <skipped/>
  </testcase>
  <testcase name="afterEachTestMethod" classname="Search.HomePageTest" time="0">
    <skipped/>
  </testcase>
  <testcase name="afterEachTestMethod" classname="Search.HomePageTest" time="0">
    <skipped/>
  </testcase>
  <testcase name="afterEachTestMethod" classname="Search.HomePageTest" time="0">
    <skipped/>
  </testcase>
  <testcase name="afterEachTestMethod" classname="Search.HomePageTest" time="0">
    <skipped/>
  </testcase>
  <testcase name="afterEachTestMethod" classname="Search.HomePageTest" time="0">
    <skipped/>
  </testcase>
  <testcase name="afterEachTestMethod" classname="Search.HomePageTest" time="0">
    <skipped/>
  </testcase>
  <testcase name="afterEachTestMethod" classname="Search.HomePageTest" time="0">
    <skipped/>
  </testcase>
  <testcase name="afterEachTestMethod" classname="Search.HomePageTest" time="0">
    <skipped/>
  </testcase>
  <testcase name="afterEachTestMethod" classname="Search.HomePageTest" time="0">
    <skipped/>
  </testcase>
  <testcase name="afterEachTestMethod" classname="Search.HomePageTest" time="0">
    <skipped/>
  </testcase>
  <testcase name="About_Textoption_Test" classname="Search.HomePageTest" time="0">
    <skipped message="The driver executable does not exist: /Users/URMI/Desktop/GroupBlueFrameWork/Generic/DriversForBrowser/chromedriver"/>
  </testcase>
  <testcase name="Business_Textoption_Test" classname="Search.HomePageTest" time="0">
    <skipped message="The driver executable does not exist: /Users/URMI/Desktop/GroupBlueFrameWork/Generic/DriversForBrowser/chromedriver"/>
  </testcase>
  <testcase name="Contact_us_Header_Test" classname="Search.HomePageTest" time="0">
    <skipped message="The driver executable does not exist: /Users/URMI/Desktop/GroupBlueFrameWork/Generic/DriversForBrowser/chromedriver"/>
  </testcase>
  <testcase name="Corporate_Textoption_Test" classname="Search.HomePageTest" time="0">
    <skipped message="The driver executable does not exist: /Users/URMI/Desktop/GroupBlueFrameWork/Generic/DriversForBrowser/chromedriver"/>
  </testcase>
  <testcase name="DIGI_BANKING_Test" classname="Search.HomePageTest" time="0">
    <skipped message="The driver executable does not exist: /Users/URMI/Desktop/GroupBlueFrameWork/Generic/DriversForBrowser/chromedriver"/>
  </testcase>
  <testcase name="DragDrop2" classname="Search.HomePageTest" time="0">
    <skipped message="The driver executable does not exist: /Users/URMI/Desktop/GroupBlueFrameWork/Generic/DriversForBrowser/chromedriver"/>
  </testcase>
  <testcase name="Find_location_near_you_Test" classname="Search.HomePageTest" time="0">
    <skipped message="The driver executable does not exist: /Users/URMI/Desktop/GroupBlueFrameWork/Generic/DriversForBrowser/chromedriver"/>
  </testcase>
  <testcase name="Header_Taeget_Test" classname="Search.HomePageTest" time="0">
    <skipped message="The driver executable does not exist: /Users/URMI/Desktop/GroupBlueFrameWork/Generic/DriversForBrowser/chromedriver"/>
  </testcase>
  <testcase name="Home_Header_Test" classname="Search.HomePageTest" time="0">
    <skipped message="The driver executable does not exist: /Users/URMI/Desktop/GroupBlueFrameWork/Generic/DriversForBrowser/chromedriver"/>
  </testcase>
  <testcase name="How_to_Overcome_Anxiety_article_link_Test" classname="Search.HomePageTest" time="0">
    <skipped message="The driver executable does not exist: /Users/URMI/Desktop/GroupBlueFrameWork/Generic/DriversForBrowser/chromedriver"/>
  </testcase>
  <testcase name="Login_Test" classname="Search.HomePageTest" time="0">
    <skipped message="The driver executable does not exist: /Users/URMI/Desktop/GroupBlueFrameWork/Generic/DriversForBrowser/chromedriver"/>
  </testcase>
  <testcase name="Personal_Textoption_Test" classname="Search.HomePageTest" time="0">
    <skipped message="The driver executable does not exist: /Users/URMI/Desktop/GroupBlueFrameWork/Generic/DriversForBrowser/chromedriver"/>
  </testcase>
  <testcase name="Privacy_policy_Header_Test" classname="Search.HomePageTest" time="0">
    <skipped message="The driver executable does not exist: /Users/URMI/Desktop/GroupBlueFrameWork/Generic/DriversForBrowser/chromedriver"/>
  </testcase>
  <testcase name="STU_VALUE_CHEK_Test" classname="Search.HomePageTest" time="0">
    <skipped message="The driver executable does not exist: /Users/URMI/Desktop/GroupBlueFrameWork/Generic/DriversForBrowser/chromedriver"/>
  </testcase>
  <testcase name="Terms_of_use_Header_Test" classname="Search.HomePageTest" time="0">
    <skipped message="The driver executable does not exist: /Users/URMI/Desktop/GroupBlueFrameWork/Generic/DriversForBrowser/chromedriver"/>
  </testcase>
  <testcase name="The_ABCs_of_the_HELOC_article_link_Test" classname="Search.HomePageTest" time="0">
    <skipped message="The driver executable does not exist: /Users/URMI/Desktop/GroupBlueFrameWork/Generic/DriversForBrowser/chromedriver"/>
  </testcase>
  <testcase name="ULT_cash_back_creditcard_grouplink_Test" classname="Search.HomePageTest" time="0">
    <skipped message="The driver executable does not exist: /Users/URMI/Desktop/GroupBlueFrameWork/Generic/DriversForBrowser/chromedriver"/>
  </testcase>
  <testcase name="top_10_credit_tips_article_link_Test" classname="Search.HomePageTest" time="0">
    <skipped message="The driver executable does not exist: /Users/URMI/Desktop/GroupBlueFrameWork/Generic/DriversForBrowser/chromedriver"/>
  </testcase>
  <testcase name="top_5_text_email_mobile_alert_article_link_Test" classname="Search.HomePageTest" time="0">
    <skipped message="The driver executable does not exist: /Users/URMI/Desktop/GroupBlueFrameWork/Generic/DriversForBrowser/chromedriver"/>
  </testcase>
  <testcase name="top_9_Ways_to_Save_Serious_$_article_link_Test" classname="Search.HomePageTest" time="0">
    <skipped message="The driver executable does not exist: /Users/URMI/Desktop/GroupBlueFrameWork/Generic/DriversForBrowser/chromedriver"/>
  </testcase>
  <testcase name="signIn" classname="Search.LoginPageTest" time="0">
    <skipped message="java.lang.NullPointerException"/>
    <system-err><![CDATA[java.io.FileNotFoundException: /Users/URMI/Desktop/GroupBlueFrameWork/SantanderBank/page/ahmed.xls (No such file or directory)
	at java.io.FileInputStream.open0(Native Method)
	at java.io.FileInputStream.open(FileInputStream.java:195)
	at java.io.FileInputStream.<init>(FileInputStream.java:138)
	at java.io.FileInputStream.<init>(FileInputStream.java:93)
	at base.Xls_Reader.<init>(Xls_Reader.java:21)
	at base.XlsDataReaderUtil.getDataFromExcel(XlsDataReaderUtil.java:16)
	at home.LoginPage.supplyData(LoginPage.java:50)
	at sun.reflect.NativeMethodAccessorImpl.invoke0(Native Method)
	at sun.reflect.NativeMethodAccessorImpl.invoke(NativeMethodAccessorImpl.java:62)
	at sun.reflect.DelegatingMethodAccessorImpl.invoke(DelegatingMethodAccessorImpl.java:43)
	at java.lang.reflect.Method.invoke(Method.java:498)
	at org.testng.internal.MethodInvocationHelper.invokeMethod(MethodInvocationHelper.java:124)
	at org.testng.internal.MethodInvocationHelper.invokeMethod(MethodInvocationHelper.java:74)
	at org.testng.internal.MethodInvocationHelper.invokeMethodNoCheckedException(MethodInvocationHelper.java:45)
	at org.testng.internal.MethodInvocationHelper.invokeDataProvider(MethodInvocationHelper.java:131)
	at org.testng.internal.Parameters.handleParameters(Parameters.java:706)
	at org.testng.internal.ParameterHandler.handleParameters(ParameterHandler.java:49)
	at org.testng.internal.ParameterHandler.createParameters(ParameterHandler.java:37)
	at org.testng.internal.Invoker.invokeTestMethods(Invoker.java:924)
	at org.testng.internal.TestMethodWorker.invokeTestMethods(TestMethodWorker.java:125)
	at org.testng.internal.TestMethodWorker.run(TestMethodWorker.java:109)
	at org.testng.TestRunner.privateRun(TestRunner.java:648)
	at org.testng.TestRunner.run(TestRunner.java:505)
	at org.testng.SuiteRunner.runTest(SuiteRunner.java:455)
	at org.testng.SuiteRunner.runSequentially(SuiteRunner.java:450)
	at org.testng.SuiteRunner.privateRun(SuiteRunner.java:415)
	at org.testng.SuiteRunner.run(SuiteRunner.java:364)
	at org.testng.SuiteRunnerWorker.runSuite(SuiteRunnerWorker.java:52)
	at org.testng.SuiteRunnerWorker.run(SuiteRunnerWorker.java:84)
	at org.testng.TestNG.runSuitesSequentially(TestNG.java:1208)
	at org.testng.TestNG.runSuitesLocally(TestNG.java:1137)
	at org.testng.TestNG.runSuites(TestNG.java:1049)
	at org.testng.TestNG.run(TestNG.java:1017)
	at org.apache.maven.surefire.testng.TestNGExecutor.run(TestNGExecutor.java:135)
	at org.apache.maven.surefire.testng.TestNGDirectoryTestSuite.executeMulti(TestNGDirectoryTestSuite.java:193)
	at org.apache.maven.surefire.testng.TestNGDirectoryTestSuite.execute(TestNGDirectoryTestSuite.java:94)
	at org.apache.maven.surefire.testng.TestNGProvider.invoke(TestNGProvider.java:146)
	at org.apache.maven.surefire.booter.ForkedBooter.invokeProviderInSameClassLoader(ForkedBooter.java:383)
	at org.apache.maven.surefire.booter.ForkedBooter.runSuitesInProcess(ForkedBooter.java:344)
	at org.apache.maven.surefire.booter.ForkedBooter.execute(ForkedBooter.java:125)
	at org.apache.maven.surefire.booter.ForkedBooter.main(ForkedBooter.java:417)
[Utils] [ERROR] [Error] java.lang.NullPointerException
	at base.Xls_Reader.getRowCount(Xls_Reader.java:33)
	at base.XlsDataReaderUtil.getDataFromExcel(XlsDataReaderUtil.java:22)
	at home.LoginPage.supplyData(LoginPage.java:50)
	at sun.reflect.NativeMethodAccessorImpl.invoke0(Native Method)
	at sun.reflect.NativeMethodAccessorImpl.invoke(NativeMethodAccessorImpl.java:62)
	at sun.reflect.DelegatingMethodAccessorImpl.invoke(DelegatingMethodAccessorImpl.java:43)
	at java.lang.reflect.Method.invoke(Method.java:498)
	at org.testng.internal.MethodInvocationHelper.invokeMethod(MethodInvocationHelper.java:124)
	at org.testng.internal.MethodInvocationHelper.invokeMethod(MethodInvocationHelper.java:74)
	at org.testng.internal.MethodInvocationHelper.invokeMethodNoCheckedException(MethodInvocationHelper.java:45)
	at org.testng.internal.MethodInvocationHelper.invokeDataProvider(MethodInvocationHelper.java:131)
	at org.testng.internal.Parameters.handleParameters(Parameters.java:706)
	at org.testng.internal.ParameterHandler.handleParameters(ParameterHandler.java:49)
	at org.testng.internal.ParameterHandler.createParameters(ParameterHandler.java:37)
	at org.testng.internal.Invoker.invokeTestMethods(Invoker.java:924)
	at org.testng.internal.TestMethodWorker.invokeTestMethods(TestMethodWorker.java:125)
	at org.testng.internal.TestMethodWorker.run(TestMethodWorker.java:109)
	at org.testng.TestRunner.privateRun(TestRunner.java:648)
	at org.testng.TestRunner.run(TestRunner.java:505)
	at org.testng.SuiteRunner.runTest(SuiteRunner.java:455)
	at org.testng.SuiteRunner.runSequentially(SuiteRunner.java:450)
	at org.testng.SuiteRunner.privateRun(SuiteRunner.java:415)
	at org.testng.SuiteRunner.run(SuiteRunner.java:364)
	at org.testng.SuiteRunnerWorker.runSuite(SuiteRunnerWorker.java:52)
	at org.testng.SuiteRunnerWorker.run(SuiteRunnerWorker.java:84)
	at org.testng.TestNG.runSuitesSequentially(TestNG.java:1208)
	at org.testng.TestNG.runSuitesLocally(TestNG.java:1137)
	at org.testng.TestNG.runSuites(TestNG.java:1049)
	at org.testng.TestNG.run(TestNG.java:1017)
	at org.apache.maven.surefire.testng.TestNGExecutor.run(TestNGExecutor.java:135)
	at org.apache.maven.surefire.testng.TestNGDirectoryTestSuite.executeMulti(TestNGDirectoryTestSuite.java:193)
	at org.apache.maven.surefire.testng.TestNGDirectoryTestSuite.execute(TestNGDirectoryTestSuite.java:94)
	at org.apache.maven.surefire.testng.TestNGProvider.invoke(TestNGProvider.java:146)
	at org.apache.maven.surefire.booter.ForkedBooter.invokeProviderInSameClassLoader(ForkedBooter.java:383)
	at org.apache.maven.surefire.booter.ForkedBooter.runSuitesInProcess(ForkedBooter.java:344)
	at org.apache.maven.surefire.booter.ForkedBooter.execute(ForkedBooter.java:125)
	at org.apache.maven.surefire.booter.ForkedBooter.main(ForkedBooter.java:417)

]]></system-err>
  </testcase>
  <testcase name="generateReport" classname="Search.PageSearch_option_attempt_Test" time="0">
    <skipped/>
  </testcase>
</testsuite>