<?xml version="1.0" encoding="UTF-8"?>
<testsuite xmlns:xsi="http://www.w3.org/2001/XMLSchema-instance" xsi:noNamespaceSchemaLocation="https://maven.apache.org/surefire/maven-surefire-plugin/xsd/surefire-test-report.xsd" name="TestSuite" time="2.39" tests="289" errors="0" skipped="281" failures="8">
  <properties>
[...]
</properties>
  <testcase name="setDriver" classname="Search.PageSearch_option_attempt_Test" time="1.186">
    <failure message="&#10;Parameter &apos;os&apos; is required by BeforeMethod on method setDriver but has not been marked @Optional or defined&#10;" type="org.testng.TestNGException">org.testng.TestNGException: 

Parameter 'os' is required by BeforeMethod on method setDriver but has not been marked @Optional or defined

</failure>
  </testcase>
  <testcase name="setDriver" classname="Search.PageSearch_option_attempt_Test" time="0">
    <skipped/>
  </testcase>
  <testcase name="setDriver" classname="Search.PageSearch_option_attempt_Test" time="0">
    <skipped/>
  </testcase>
  <testcase name="setDriver" classname="Search.PageSearch_option_attempt_Test" time="0">
    <skipped/>
  </testcase>
  <testcase name="setDriver" classname="Search.PageSearch_option_attempt_Test" time="0">
    <skipped/>
  </testcase>
  <testcase name="setDriver" classname="Search.PageSearch_option_attempt_Test" time="0">
    <skipped/>
  </testcase>
  <testcase name="setDriver" classname="Search.PageSearch_option_attempt_Test" time="0">
    <skipped/>
  </testcase>
  <testcase name="setDriver" classname="Search.PageSearch_option_attempt_Test" time="0">
    <skipped/>
  </testcase>
  <testcase name="setDriver" classname="Search.PageSearch_option_attempt_Test" time="0">
    <skipped/>
  </testcase>
  <testcase name="setDriver" classname="Search.PageSearch_option_attempt_Test" time="0">
    <skipped/>
  </testcase>
  <testcase name="setUp" classname="Search.PageSearch_option_attempt_Test" time="0">
    <skipped/>
  </testcase>
  <testcase name="setUp" classname="Search.PageSearch_option_attempt_Test" time="0">
    <skipped/>
  </testcase>
  <testcase name="setUp" classname="Search.PageSearch_option_attempt_Test" time="0">
    <skipped/>
  </testcase>
  <testcase name="setUp" classname="Search.PageSearch_option_attempt_Test" time="0">
    <skipped/>
  </testcase>
  <testcase name="setUp" classname="Search.PageSearch_option_attempt_Test" time="0">
    <skipped/>
  </testcase>
  <testcase name="setUp" classname="Search.PageSearch_option_attempt_Test" time="0">
    <skipped/>
  </testcase>
  <testcase name="setUp" classname="Search.PageSearch_option_attempt_Test" time="0">
    <skipped/>
  </testcase>
  <testcase name="setUp" classname="Search.PageSearch_option_attempt_Test" time="0">
    <skipped/>
  </testcase>
  <testcase name="setUp" classname="Search.PageSearch_option_attempt_Test" time="0">
    <skipped/>
  </testcase>
  <testcase name="setUp" classname="Search.PageSearch_option_attempt_Test" time="0">
    <skipped/>
  </testcase>
  <testcase name="startExtent" classname="Search.PageSearch_option_attempt_Test" time="0">
    <skipped/>
  </testcase>
  <testcase name="startExtent" classname="Search.PageSearch_option_attempt_Test" time="0">
    <skipped/>
  </testcase>
  <testcase name="startExtent" classname="Search.PageSearch_option_attempt_Test" time="0">
    <skipped/>
  </testcase>
  <testcase name="startExtent" classname="Search.PageSearch_option_attempt_Test" time="0">
    <skipped/>
  </testcase>
  <testcase name="startExtent" classname="Search.PageSearch_option_attempt_Test" time="0">
    <skipped/>
  </testcase>
  <testcase name="startExtent" classname="Search.PageSearch_option_attempt_Test" time="0">
    <skipped/>
  </testcase>
  <testcase name="startExtent" classname="Search.PageSearch_option_attempt_Test" time="0">
    <skipped/>
  </testcase>
  <testcase name="startExtent" classname="Search.PageSearch_option_attempt_Test" time="0">
    <skipped/>
  </testcase>
  <testcase name="startExtent" classname="Search.PageSearch_option_attempt_Test" time="0">
    <skipped/>
  </testcase>
  <testcase name="startExtent" classname="Search.PageSearch_option_attempt_Test" time="0">
    <skipped/>
  </testcase>
  <testcase name="init" classname="Search.PageSearch_option_attempt_Test" time="0">
    <skipped/>
  </testcase>
  <testcase name="init" classname="Search.PageSearch_option_attempt_Test" time="0">
    <skipped/>
  </testcase>
  <testcase name="init" classname="Search.PageSearch_option_attempt_Test" time="0">
    <skipped/>
  </testcase>
  <testcase name="init" classname="Search.PageSearch_option_attempt_Test" time="0">
    <skipped/>
  </testcase>
  <testcase name="init" classname="Search.PageSearch_option_attempt_Test" time="0">
    <skipped/>
  </testcase>
  <testcase name="init" classname="Search.PageSearch_option_attempt_Test" time="0">
    <skipped/>
  </testcase>
  <testcase name="init" classname="Search.PageSearch_option_attempt_Test" time="0">
    <skipped/>
  </testcase>
  <testcase name="init" classname="Search.PageSearch_option_attempt_Test" time="0">
    <skipped/>
  </testcase>
  <testcase name="init" classname="Search.PageSearch_option_attempt_Test" time="0">
    <skipped/>
  </testcase>
  <testcase name="init" classname="Search.PageSearch_option_attempt_Test" time="0">
    <skipped/>
  </testcase>
  <testcase name="ClassBody" classname="Search.PageSearch_option_attempt_Test" time="0">
    <skipped message="&#10;Parameter &apos;os&apos; is required by BeforeMethod on method setDriver but has not been marked @Optional or defined&#10;"/>
  </testcase>
  <testcase name="afterEachTestMethod" classname="Search.PageSearch_option_attempt_Test" time="0">
    <skipped/>
  </testcase>
  <testcase name="afterEachTestMethod" classname="Search.PageSearch_option_attempt_Test" time="0">
    <skipped/>
  </testcase>
  <testcase name="afterEachTestMethod" classname="Search.PageSearch_option_attempt_Test" time="0">
    <skipped/>
  </testcase>
  <testcase name="afterEachTestMethod" classname="Search.PageSearch_option_attempt_Test" time="0">
    <skipped/>
  </testcase>
  <testcase name="afterEachTestMethod" classname="Search.PageSearch_option_attempt_Test" time="0">
    <skipped/>
  </testcase>
  <testcase name="afterEachTestMethod" classname="Search.PageSearch_option_attempt_Test" time="0">
    <skipped/>
  </testcase>
  <testcase name="afterEachTestMethod" classname="Search.PageSearch_option_attempt_Test" time="0">
    <skipped/>
  </testcase>
  <testcase name="afterEachTestMethod" classname="Search.PageSearch_option_attempt_Test" time="0">
    <skipped/>
  </testcase>
  <testcase name="afterEachTestMethod" classname="Search.PageSearch_option_attempt_Test" time="0">
    <skipped/>
  </testcase>
  <testcase name="afterEachTestMethod" classname="Search.PageSearch_option_attempt_Test" time="0">
    <skipped/>
  </testcase>
  <testcase name="Hovermenu" classname="Search.PageSearch_option_attempt_Test" time="0">
    <skipped message="&#10;Parameter &apos;os&apos; is required by BeforeMethod on method setDriver but has not been marked @Optional or defined&#10;"/>
  </testcase>
  <testcase name="SearchPage" classname="Search.PageSearch_option_attempt_Test" time="0">
    <skipped message="&#10;Parameter &apos;os&apos; is required by BeforeMethod on method setDriver but has not been marked @Optional or defined&#10;"/>
  </testcase>
  <testcase name="TermsofUse" classname="Search.PageSearch_option_attempt_Test" time="0">
    <skipped message="&#10;Parameter &apos;os&apos; is required by BeforeMethod on method setDriver but has not been marked @Optional or defined&#10;"/>
  </testcase>
  <testcase name="aTMLocation" classname="Search.PageSearch_option_attempt_Test" time="0">
    <skipped message="&#10;Parameter &apos;os&apos; is required by BeforeMethod on method setDriver but has not been marked @Optional or defined&#10;"/>
  </testcase>
  <testcase name="business" classname="Search.PageSearch_option_attempt_Test" time="0">
    <skipped message="&#10;Parameter &apos;os&apos; is required by BeforeMethod on method setDriver but has not been marked @Optional or defined&#10;"/>
  </testcase>
  <testcase name="contactus" classname="Search.PageSearch_option_attempt_Test" time="0">
    <skipped message="&#10;Parameter &apos;os&apos; is required by BeforeMethod on method setDriver but has not been marked @Optional or defined&#10;"/>
  </testcase>
  <testcase name="findATM" classname="Search.PageSearch_option_attempt_Test" time="0">
    <skipped message="&#10;Parameter &apos;os&apos; is required by BeforeMethod on method setDriver but has not been marked @Optional or defined&#10;"/>
  </testcase>
  <testcase name="mortgageLending" classname="Search.PageSearch_option_attempt_Test" time="0">
    <skipped message="&#10;Parameter &apos;os&apos; is required by BeforeMethod on method setDriver but has not been marked @Optional or defined&#10;"/>
  </testcase>
  <testcase name="privacypolicy" classname="Search.PageSearch_option_attempt_Test" time="0">
    <skipped message="&#10;Parameter &apos;os&apos; is required by BeforeMethod on method setDriver but has not been marked @Optional or defined&#10;"/>
  </testcase>
  <testcase name="setDriver" classname="Search.BusinessTextOptionPageTest" time="1.218">
    <failure message="&#10;Parameter &apos;os&apos; is required by BeforeMethod on method setDriver but has not been marked @Optional or defined&#10;" type="org.testng.TestNGException">org.testng.TestNGException: 

Parameter 'os' is required by BeforeMethod on method setDriver but has not been marked @Optional or defined

</failure>
  </testcase>
  <testcase name="setDriver" classname="Search.BusinessTextOptionPageTest" time="0">
    <skipped/>
  </testcase>
  <testcase name="setDriver" classname="Search.BusinessTextOptionPageTest" time="0">
    <skipped/>
  </testcase>
  <testcase name="setUp" classname="Search.BusinessTextOptionPageTest" time="0">
    <skipped/>
  </testcase>
  <testcase name="setUp" classname="Search.BusinessTextOptionPageTest" time="0">
    <skipped/>
  </testcase>
  <testcase name="setUp" classname="Search.BusinessTextOptionPageTest" time="0">
    <skipped/>
  </testcase>
  <testcase name="startExtent" classname="Search.BusinessTextOptionPageTest" time="0">
    <skipped/>
  </testcase>
  <testcase name="startExtent" classname="Search.BusinessTextOptionPageTest" time="0">
    <skipped/>
  </testcase>
  <testcase name="startExtent" classname="Search.BusinessTextOptionPageTest" time="0">
    <skipped/>
  </testcase>
  <testcase name="initelement" classname="Search.BusinessTextOptionPageTest" time="0">
    <skipped/>
  </testcase>
  <testcase name="initelement" classname="Search.BusinessTextOptionPageTest" time="0">
    <skipped/>
  </testcase>
  <testcase name="initelement" classname="Search.BusinessTextOptionPageTest" time="0">
    <skipped/>
  </testcase>
  <testcase name="Banking_Test" classname="Search.BusinessTextOptionPageTest" time="0">
    <skipped message="&#10;Parameter &apos;os&apos; is required by BeforeMethod on method setDriver but has not been marked @Optional or defined&#10;"/>
  </testcase>
  <testcase name="afterEachTestMethod" classname="Search.BusinessTextOptionPageTest" time="0">
    <skipped/>
  </testcase>
  <testcase name="afterEachTestMethod" classname="Search.BusinessTextOptionPageTest" time="0">
    <skipped/>
  </testcase>
  <testcase name="afterEachTestMethod" classname="Search.BusinessTextOptionPageTest" time="0">
    <skipped/>
  </testcase>
  <testcase name="Borrowing_Test" classname="Search.BusinessTextOptionPageTest" time="0">
    <skipped message="&#10;Parameter &apos;os&apos; is required by BeforeMethod on method setDriver but has not been marked @Optional or defined&#10;"/>
  </testcase>
  <testcase name="BusinessFirst_Test" classname="Search.BusinessTextOptionPageTest" time="0">
    <skipped message="&#10;Parameter &apos;os&apos; is required by BeforeMethod on method setDriver but has not been marked @Optional or defined&#10;"/>
  </testcase>
  <testcase name="setDriver" classname="Search.ATMBranchPageTest" time="1.225">
    <failure message="&#10;Parameter &apos;os&apos; is required by BeforeMethod on method setDriver but has not been marked @Optional or defined&#10;" type="org.testng.TestNGException">org.testng.TestNGException: 

Parameter 'os' is required by BeforeMethod on method setDriver but has not been marked @Optional or defined

</failure>
  </testcase>
  <testcase name="setDriver" classname="Search.ATMBranchPageTest" time="0">
    <skipped/>
  </testcase>
  <testcase name="setUp" classname="Search.ATMBranchPageTest" time="0">
    <skipped/>
  </testcase>
  <testcase name="setUp" classname="Search.ATMBranchPageTest" time="0">
    <skipped/>
  </testcase>
  <testcase name="startExtent" classname="Search.ATMBranchPageTest" time="0">
    <skipped/>
  </testcase>
  <testcase name="startExtent" classname="Search.ATMBranchPageTest" time="0">
    <skipped/>
  </testcase>
  <testcase name="initelement" classname="Search.ATMBranchPageTest" time="0">
    <skipped/>
  </testcase>
  <testcase name="initelement" classname="Search.ATMBranchPageTest" time="0">
    <skipped/>
  </testcase>
  <testcase name="BrowseByState_Test" classname="Search.ATMBranchPageTest" time="0">
    <skipped message="&#10;Parameter &apos;os&apos; is required by BeforeMethod on method setDriver but has not been marked @Optional or defined&#10;"/>
  </testcase>
  <testcase name="afterEachTestMethod" classname="Search.ATMBranchPageTest" time="0">
    <skipped/>
  </testcase>
  <testcase name="afterEachTestMethod" classname="Search.ATMBranchPageTest" time="0">
    <skipped/>
  </testcase>
  <testcase name="TextInput_Test" classname="Search.ATMBranchPageTest" time="0">
    <skipped message="&#10;Parameter &apos;os&apos; is required by BeforeMethod on method setDriver but has not been marked @Optional or defined&#10;"/>
  </testcase>
  <testcase name="setDriver" classname="Search.AboutTextOptionPageTest" time="1.23">
    <failure message="&#10;Parameter &apos;os&apos; is required by BeforeMethod on method setDriver but has not been marked @Optional or defined&#10;" type="org.testng.TestNGException">org.testng.TestNGException: 

Parameter 'os' is required by BeforeMethod on method setDriver but has not been marked @Optional or defined

</failure>
  </testcase>
  <testcase name="setDriver" classname="Search.AboutTextOptionPageTest" time="0">
    <skipped/>
  </testcase>
  <testcase name="setUp" classname="Search.AboutTextOptionPageTest" time="0">
    <skipped/>
  </testcase>
  <testcase name="setUp" classname="Search.AboutTextOptionPageTest" time="0">
    <skipped/>
  </testcase>
  <testcase name="startExtent" classname="Search.AboutTextOptionPageTest" time="0">
    <skipped/>
  </testcase>
  <testcase name="startExtent" classname="Search.AboutTextOptionPageTest" time="0">
    <skipped/>
  </testcase>
  <testcase name="initelement" classname="Search.AboutTextOptionPageTest" time="0">
    <skipped/>
  </testcase>
  <testcase name="initelement" classname="Search.AboutTextOptionPageTest" time="0">
    <skipped/>
  </testcase>
  <testcase name="SantanderBankUni_Test" classname="Search.AboutTextOptionPageTest" time="0">
    <skipped message="&#10;Parameter &apos;os&apos; is required by BeforeMethod on method setDriver but has not been marked @Optional or defined&#10;"/>
  </testcase>
  <testcase name="afterEachTestMethod" classname="Search.AboutTextOptionPageTest" time="0">
    <skipped/>
  </testcase>
  <testcase name="afterEachTestMethod" classname="Search.AboutTextOptionPageTest" time="0">
    <skipped/>
  </testcase>
  <testcase name="WhoWeAre_Test" classname="Search.AboutTextOptionPageTest" time="0">
    <skipped message="&#10;Parameter &apos;os&apos; is required by BeforeMethod on method setDriver but has not been marked @Optional or defined&#10;"/>
  </testcase>
  <testcase name="setDriver" classname="Search.PersonalTextOptionPageTest" time="1.235">
    <failure message="&#10;Parameter &apos;os&apos; is required by BeforeMethod on method setDriver but has not been marked @Optional or defined&#10;" type="org.testng.TestNGException">org.testng.TestNGException: 

Parameter 'os' is required by BeforeMethod on method setDriver but has not been marked @Optional or defined

</failure>
  </testcase>
  <testcase name="setDriver" classname="Search.PersonalTextOptionPageTest" time="0">
    <skipped/>
  </testcase>
  <testcase name="setDriver" classname="Search.PersonalTextOptionPageTest" time="0">
    <skipped/>
  </testcase>
  <testcase name="setDriver" classname="Search.PersonalTextOptionPageTest" time="0">
    <skipped/>
  </testcase>
  <testcase name="setDriver" classname="Search.PersonalTextOptionPageTest" time="0">
    <skipped/>
  </testcase>
  <testcase name="setUp" classname="Search.PersonalTextOptionPageTest" time="0">
    <skipped/>
  </testcase>
  <testcase name="setUp" classname="Search.PersonalTextOptionPageTest" time="0">
    <skipped/>
  </testcase>
  <testcase name="setUp" classname="Search.PersonalTextOptionPageTest" time="0">
    <skipped/>
  </testcase>
  <testcase name="setUp" classname="Search.PersonalTextOptionPageTest" time="0">
    <skipped/>
  </testcase>
  <testcase name="setUp" classname="Search.PersonalTextOptionPageTest" time="0">
    <skipped/>
  </testcase>
  <testcase name="startExtent" classname="Search.PersonalTextOptionPageTest" time="0">
    <skipped/>
  </testcase>
  <testcase name="startExtent" classname="Search.PersonalTextOptionPageTest" time="0">
    <skipped/>
  </testcase>
  <testcase name="startExtent" classname="Search.PersonalTextOptionPageTest" time="0">
    <skipped/>
  </testcase>
  <testcase name="startExtent" classname="Search.PersonalTextOptionPageTest" time="0">
    <skipped/>
  </testcase>
  <testcase name="startExtent" classname="Search.PersonalTextOptionPageTest" time="0">
    <skipped/>
  </testcase>
  <testcase name="initelement" classname="Search.PersonalTextOptionPageTest" time="0">
    <skipped/>
  </testcase>
  <testcase name="initelement" classname="Search.PersonalTextOptionPageTest" time="0">
    <skipped/>
  </testcase>
  <testcase name="initelement" classname="Search.PersonalTextOptionPageTest" time="0">
    <skipped/>
  </testcase>
  <testcase name="initelement" classname="Search.PersonalTextOptionPageTest" time="0">
    <skipped/>
  </testcase>
  <testcase name="initelement" classname="Search.PersonalTextOptionPageTest" time="0">
    <skipped/>
  </testcase>
  <testcase name="Banking_Test" classname="Search.PersonalTextOptionPageTest" time="0">
    <skipped message="&#10;Parameter &apos;os&apos; is required by BeforeMethod on method setDriver but has not been marked @Optional or defined&#10;"/>
  </testcase>
  <testcase name="afterEachTestMethod" classname="Search.PersonalTextOptionPageTest" time="0">
    <skipped/>
  </testcase>
  <testcase name="afterEachTestMethod" classname="Search.PersonalTextOptionPageTest" time="0">
    <skipped/>
  </testcase>
  <testcase name="afterEachTestMethod" classname="Search.PersonalTextOptionPageTest" time="0">
    <skipped/>
  </testcase>
  <testcase name="afterEachTestMethod" classname="Search.PersonalTextOptionPageTest" time="0">
    <skipped/>
  </testcase>
  <testcase name="afterEachTestMethod" classname="Search.PersonalTextOptionPageTest" time="0">
    <skipped/>
  </testcase>
  <testcase name="Borrowing_Test" classname="Search.PersonalTextOptionPageTest" time="0">
    <skipped message="&#10;Parameter &apos;os&apos; is required by BeforeMethod on method setDriver but has not been marked @Optional or defined&#10;"/>
  </testcase>
  <testcase name="CreditCard_Test" classname="Search.PersonalTextOptionPageTest" time="0">
    <skipped message="&#10;Parameter &apos;os&apos; is required by BeforeMethod on method setDriver but has not been marked @Optional or defined&#10;"/>
  </testcase>
  <testcase name="InvestmentandProtections_Test" classname="Search.PersonalTextOptionPageTest" time="0">
    <skipped message="&#10;Parameter &apos;os&apos; is required by BeforeMethod on method setDriver but has not been marked @Optional or defined&#10;"/>
  </testcase>
  <testcase name="ProsperandThrives_Test" classname="Search.PersonalTextOptionPageTest" time="0">
    <skipped message="&#10;Parameter &apos;os&apos; is required by BeforeMethod on method setDriver but has not been marked @Optional or defined&#10;"/>
  </testcase>
  <testcase name="setDriver" classname="Search.CorporateTextOptionPageTest" time="1.247">
    <failure message="&#10;Parameter &apos;os&apos; is required by BeforeMethod on method setDriver but has not been marked @Optional or defined&#10;" type="org.testng.TestNGException">org.testng.TestNGException: 

Parameter 'os' is required by BeforeMethod on method setDriver but has not been marked @Optional or defined

</failure>
  </testcase>
  <testcase name="setDriver" classname="Search.CorporateTextOptionPageTest" time="0">
    <skipped/>
  </testcase>
  <testcase name="setUp" classname="Search.CorporateTextOptionPageTest" time="0">
    <skipped/>
  </testcase>
  <testcase name="setUp" classname="Search.CorporateTextOptionPageTest" time="0">
    <skipped/>
  </testcase>
  <testcase name="startExtent" classname="Search.CorporateTextOptionPageTest" time="0">
    <skipped/>
  </testcase>
  <testcase name="startExtent" classname="Search.CorporateTextOptionPageTest" time="0">
    <skipped/>
  </testcase>
  <testcase name="initelement" classname="Search.CorporateTextOptionPageTest" time="0">
    <skipped/>
  </testcase>
  <testcase name="initelement" classname="Search.CorporateTextOptionPageTest" time="0">
    <skipped/>
  </testcase>
  <testcase name="CorporateCapabilities_Test" classname="Search.CorporateTextOptionPageTest" time="0">
    <skipped message="&#10;Parameter &apos;os&apos; is required by BeforeMethod on method setDriver but has not been marked @Optional or defined&#10;"/>
  </testcase>
  <testcase name="afterEachTestMethod" classname="Search.CorporateTextOptionPageTest" time="0">
    <skipped/>
  </testcase>
  <testcase name="afterEachTestMethod" classname="Search.CorporateTextOptionPageTest" time="0">
    <skipped/>
  </testcase>
  <testcase name="StanderderPrespectives_Test" classname="Search.CorporateTextOptionPageTest" time="0">
    <skipped message="&#10;Parameter &apos;os&apos; is required by BeforeMethod on method setDriver but has not been marked @Optional or defined&#10;"/>
  </testcase>
  <testcase name="setDriver" classname="Search.HomePageTest" time="1.256">
    <failure message="&#10;Parameter &apos;os&apos; is required by BeforeMethod on method setDriver but has not been marked @Optional or defined&#10;" type="org.testng.TestNGException">org.testng.TestNGException: 

Parameter 'os' is required by BeforeMethod on method setDriver but has not been marked @Optional or defined

</failure>
  </testcase>
  <testcase name="setDriver" classname="Search.HomePageTest" time="0">
    <skipped/>
  </testcase>
  <testcase name="setDriver" classname="Search.HomePageTest" time="0">
    <skipped/>
  </testcase>
  <testcase name="setDriver" classname="Search.HomePageTest" time="0">
    <skipped/>
  </testcase>
  <testcase name="setDriver" classname="Search.HomePageTest" time="0">
    <skipped/>
  </testcase>
  <testcase name="setDriver" classname="Search.HomePageTest" time="0">
    <skipped/>
  </testcase>
  <testcase name="setDriver" classname="Search.HomePageTest" time="0">
    <skipped/>
  </testcase>
  <testcase name="setDriver" classname="Search.HomePageTest" time="0">
    <skipped/>
  </testcase>
  <testcase name="setDriver" classname="Search.HomePageTest" time="0">
    <skipped/>
  </testcase>
  <testcase name="setDriver" classname="Search.HomePageTest" time="0">
    <skipped/>
  </testcase>
  <testcase name="setDriver" classname="Search.HomePageTest" time="0">
    <skipped/>
  </testcase>
  <testcase name="setDriver" classname="Search.HomePageTest" time="0">
    <skipped/>
  </testcase>
  <testcase name="setDriver" classname="Search.HomePageTest" time="0">
    <skipped/>
  </testcase>
  <testcase name="setDriver" classname="Search.HomePageTest" time="0">
    <skipped/>
  </testcase>
  <testcase name="setDriver" classname="Search.HomePageTest" time="0">
    <skipped/>
  </testcase>
  <testcase name="setDriver" classname="Search.HomePageTest" time="0">
    <skipped/>
  </testcase>
  <testcase name="setDriver" classname="Search.HomePageTest" time="0">
    <skipped/>
  </testcase>
  <testcase name="setDriver" classname="Search.HomePageTest" time="0">
    <skipped/>
  </testcase>
  <testcase name="setDriver" classname="Search.HomePageTest" time="0">
    <skipped/>
  </testcase>
  <testcase name="setDriver" classname="Search.HomePageTest" time="0">
    <skipped/>
  </testcase>
  <testcase name="setDriver" classname="Search.HomePageTest" time="0">
    <skipped/>
  </testcase>
  <testcase name="setUp" classname="Search.HomePageTest" time="0">
    <skipped/>
  </testcase>
  <testcase name="setUp" classname="Search.HomePageTest" time="0">
    <skipped/>
  </testcase>
  <testcase name="setUp" classname="Search.HomePageTest" time="0">
    <skipped/>
  </testcase>
  <testcase name="setUp" classname="Search.HomePageTest" time="0">
    <skipped/>
  </testcase>
  <testcase name="setUp" classname="Search.HomePageTest" time="0">
    <skipped/>
  </testcase>
  <testcase name="setUp" classname="Search.HomePageTest" time="0">
    <skipped/>
  </testcase>
  <testcase name="setUp" classname="Search.HomePageTest" time="0">
    <skipped/>
  </testcase>
  <testcase name="setUp" classname="Search.HomePageTest" time="0">
    <skipped/>
  </testcase>
  <testcase name="setUp" classname="Search.HomePageTest" time="0">
    <skipped/>
  </testcase>
  <testcase name="setUp" classname="Search.HomePageTest" time="0">
    <skipped/>
  </testcase>
  <testcase name="setUp" classname="Search.HomePageTest" time="0">
    <skipped/>
  </testcase>
  <testcase name="setUp" classname="Search.HomePageTest" time="0">
    <skipped/>
  </testcase>
  <testcase name="setUp" classname="Search.HomePageTest" time="0">
    <skipped/>
  </testcase>
  <testcase name="setUp" classname="Search.HomePageTest" time="0">
    <skipped/>
  </testcase>
  <testcase name="setUp" classname="Search.HomePageTest" time="0">
    <skipped/>
  </testcase>
  <testcase name="setUp" classname="Search.HomePageTest" time="0">
    <skipped/>
  </testcase>
  <testcase name="setUp" classname="Search.HomePageTest" time="0">
    <skipped/>
  </testcase>
  <testcase name="setUp" classname="Search.HomePageTest" time="0">
    <skipped/>
  </testcase>
  <testcase name="setUp" classname="Search.HomePageTest" time="0">
    <skipped/>
  </testcase>
  <testcase name="setUp" classname="Search.HomePageTest" time="0">
    <skipped/>
  </testcase>
  <testcase name="setUp" classname="Search.HomePageTest" time="0">
    <skipped/>
  </testcase>
  <testcase name="startExtent" classname="Search.HomePageTest" time="0">
    <skipped/>
  </testcase>
  <testcase name="startExtent" classname="Search.HomePageTest" time="0">
    <skipped/>
  </testcase>
  <testcase name="startExtent" classname="Search.HomePageTest" time="0">
    <skipped/>
  </testcase>
  <testcase name="startExtent" classname="Search.HomePageTest" time="0">
    <skipped/>
  </testcase>
  <testcase name="startExtent" classname="Search.HomePageTest" time="0">
    <skipped/>
  </testcase>
  <testcase name="startExtent" classname="Search.HomePageTest" time="0">
    <skipped/>
  </testcase>
  <testcase name="startExtent" classname="Search.HomePageTest" time="0">
    <skipped/>
  </testcase>
  <testcase name="startExtent" classname="Search.HomePageTest" time="0">
    <skipped/>
  </testcase>
  <testcase name="startExtent" classname="Search.HomePageTest" time="0">
    <skipped/>
  </testcase>
  <testcase name="startExtent" classname="Search.HomePageTest" time="0">
    <skipped/>
  </testcase>
  <testcase name="startExtent" classname="Search.HomePageTest" time="0">
    <skipped/>
  </testcase>
  <testcase name="startExtent" classname="Search.HomePageTest" time="0">
    <skipped/>
  </testcase>
  <testcase name="startExtent" classname="Search.HomePageTest" time="0">
    <skipped/>
  </testcase>
  <testcase name="startExtent" classname="Search.HomePageTest" time="0">
    <skipped/>
  </testcase>
  <testcase name="startExtent" classname="Search.HomePageTest" time="0">
    <skipped/>
  </testcase>
  <testcase name="startExtent" classname="Search.HomePageTest" time="0">
    <skipped/>
  </testcase>
  <testcase name="startExtent" classname="Search.HomePageTest" time="0">
    <skipped/>
  </testcase>
  <testcase name="startExtent" classname="Search.HomePageTest" time="0">
    <skipped/>
  </testcase>
  <testcase name="startExtent" classname="Search.HomePageTest" time="0">
    <skipped/>
  </testcase>
  <testcase name="startExtent" classname="Search.HomePageTest" time="0">
    <skipped/>
  </testcase>
  <testcase name="startExtent" classname="Search.HomePageTest" time="0">
    <skipped/>
  </testcase>
  <testcase name="initializing" classname="Search.HomePageTest" time="0">
    <skipped/>
  </testcase>
  <testcase name="initializing" classname="Search.HomePageTest" time="0">
    <skipped/>
  </testcase>
  <testcase name="initializing" classname="Search.HomePageTest" time="0">
    <skipped/>
  </testcase>
  <testcase name="initializing" classname="Search.HomePageTest" time="0">
    <skipped/>
  </testcase>
  <testcase name="initializing" classname="Search.HomePageTest" time="0">
    <skipped/>
  </testcase>
  <testcase name="initializing" classname="Search.HomePageTest" time="0">
    <skipped/>
  </testcase>
  <testcase name="initializing" classname="Search.HomePageTest" time="0">
    <skipped/>
  </testcase>
  <testcase name="initializing" classname="Search.HomePageTest" time="0">
    <skipped/>
  </testcase>
  <testcase name="initializing" classname="Search.HomePageTest" time="0">
    <skipped/>
  </testcase>
  <testcase name="initializing" classname="Search.HomePageTest" time="0">
    <skipped/>
  </testcase>
  <testcase name="initializing" classname="Search.HomePageTest" time="0">
    <skipped/>
  </testcase>
  <testcase name="initializing" classname="Search.HomePageTest" time="0">
    <skipped/>
  </testcase>
  <testcase name="initializing" classname="Search.HomePageTest" time="0">
    <skipped/>
  </testcase>
  <testcase name="initializing" classname="Search.HomePageTest" time="0">
    <skipped/>
  </testcase>
  <testcase name="initializing" classname="Search.HomePageTest" time="0">
    <skipped/>
  </testcase>
  <testcase name="initializing" classname="Search.HomePageTest" time="0">
    <skipped/>
  </testcase>
  <testcase name="initializing" classname="Search.HomePageTest" time="0">
    <skipped/>
  </testcase>
  <testcase name="initializing" classname="Search.HomePageTest" time="0">
    <skipped/>
  </testcase>
  <testcase name="initializing" classname="Search.HomePageTest" time="0">
    <skipped/>
  </testcase>
  <testcase name="initializing" classname="Search.HomePageTest" time="0">
    <skipped/>
  </testcase>
  <testcase name="initializing" classname="Search.HomePageTest" time="0">
    <skipped/>
  </testcase>
  <testcase name="ATM_BranchLocation_Test" classname="Search.HomePageTest" time="0">
    <skipped message="&#10;Parameter &apos;os&apos; is required by BeforeMethod on method setDriver but has not been marked @Optional or defined&#10;"/>
  </testcase>
  <testcase name="afterEachTestMethod" classname="Search.HomePageTest" time="0">
    <skipped/>
  </testcase>
  <testcase name="afterEachTestMethod" classname="Search.HomePageTest" time="0">
    <skipped/>
  </testcase>
  <testcase name="afterEachTestMethod" classname="Search.HomePageTest" time="0">
    <skipped/>
  </testcase>
  <testcase name="afterEachTestMethod" classname="Search.HomePageTest" time="0">
    <skipped/>
  </testcase>
  <testcase name="afterEachTestMethod" classname="Search.HomePageTest" time="0">
    <skipped/>
  </testcase>
  <testcase name="afterEachTestMethod" classname="Search.HomePageTest" time="0">
    <skipped/>
  </testcase>
  <testcase name="afterEachTestMethod" classname="Search.HomePageTest" time="0">
    <skipped/>
  </testcase>
  <testcase name="afterEachTestMethod" classname="Search.HomePageTest" time="0">
    <skipped/>
  </testcase>
  <testcase name="afterEachTestMethod" classname="Search.HomePageTest" time="0">
    <skipped/>
  </testcase>
  <testcase name="afterEachTestMethod" classname="Search.HomePageTest" time="0">
    <skipped/>
  </testcase>
  <testcase name="afterEachTestMethod" classname="Search.HomePageTest" time="0">
    <skipped/>
  </testcase>
  <testcase name="afterEachTestMethod" classname="Search.HomePageTest" time="0">
    <skipped/>
  </testcase>
  <testcase name="afterEachTestMethod" classname="Search.HomePageTest" time="0">
    <skipped/>
  </testcase>
  <testcase name="afterEachTestMethod" classname="Search.HomePageTest" time="0">
    <skipped/>
  </testcase>
  <testcase name="afterEachTestMethod" classname="Search.HomePageTest" time="0">
    <skipped/>
  </testcase>
  <testcase name="afterEachTestMethod" classname="Search.HomePageTest" time="0">
    <skipped/>
  </testcase>
  <testcase name="afterEachTestMethod" classname="Search.HomePageTest" time="0">
    <skipped/>
  </testcase>
  <testcase name="afterEachTestMethod" classname="Search.HomePageTest" time="0">
    <skipped/>
  </testcase>
  <testcase name="afterEachTestMethod" classname="Search.HomePageTest" time="0">
    <skipped/>
  </testcase>
  <testcase name="afterEachTestMethod" classname="Search.HomePageTest" time="0">
    <skipped/>
  </testcase>
  <testcase name="afterEachTestMethod" classname="Search.HomePageTest" time="0">
    <skipped/>
  </testcase>
  <testcase name="About_Textoption_Test" classname="Search.HomePageTest" time="0">
    <skipped message="&#10;Parameter &apos;os&apos; is required by BeforeMethod on method setDriver but has not been marked @Optional or defined&#10;"/>
  </testcase>
  <testcase name="Business_Textoption_Test" classname="Search.HomePageTest" time="0">
    <skipped message="&#10;Parameter &apos;os&apos; is required by BeforeMethod on method setDriver but has not been marked @Optional or defined&#10;"/>
  </testcase>
  <testcase name="Contact_us_Header_Test" classname="Search.HomePageTest" time="0">
    <skipped message="&#10;Parameter &apos;os&apos; is required by BeforeMethod on method setDriver but has not been marked @Optional or defined&#10;"/>
  </testcase>
  <testcase name="Corporate_Textoption_Test" classname="Search.HomePageTest" time="0">
    <skipped message="&#10;Parameter &apos;os&apos; is required by BeforeMethod on method setDriver but has not been marked @Optional or defined&#10;"/>
  </testcase>
  <testcase name="DIGI_BANKING_Test" classname="Search.HomePageTest" time="0">
    <skipped message="&#10;Parameter &apos;os&apos; is required by BeforeMethod on method setDriver but has not been marked @Optional or defined&#10;"/>
  </testcase>
  <testcase name="DragDrop2" classname="Search.HomePageTest" time="0">
    <skipped message="&#10;Parameter &apos;os&apos; is required by BeforeMethod on method setDriver but has not been marked @Optional or defined&#10;"/>
  </testcase>
  <testcase name="Find_location_near_you_Test" classname="Search.HomePageTest" time="0">
    <skipped message="&#10;Parameter &apos;os&apos; is required by BeforeMethod on method setDriver but has not been marked @Optional or defined&#10;"/>
  </testcase>
  <testcase name="Header_Taeget_Test" classname="Search.HomePageTest" time="0">
    <skipped message="&#10;Parameter &apos;os&apos; is required by BeforeMethod on method setDriver but has not been marked @Optional or defined&#10;"/>
  </testcase>
  <testcase name="Home_Header_Test" classname="Search.HomePageTest" time="0">
    <skipped message="&#10;Parameter &apos;os&apos; is required by BeforeMethod on method setDriver but has not been marked @Optional or defined&#10;"/>
  </testcase>
  <testcase name="How_to_Overcome_Anxiety_article_link_Test" classname="Search.HomePageTest" time="0">
    <skipped message="&#10;Parameter &apos;os&apos; is required by BeforeMethod on method setDriver but has not been marked @Optional or defined&#10;"/>
  </testcase>
  <testcase name="Login_Test" classname="Search.HomePageTest" time="0">
    <skipped message="&#10;Parameter &apos;os&apos; is required by BeforeMethod on method setDriver but has not been marked @Optional or defined&#10;"/>
  </testcase>
  <testcase name="Personal_Textoption_Test" classname="Search.HomePageTest" time="0">
    <skipped message="&#10;Parameter &apos;os&apos; is required by BeforeMethod on method setDriver but has not been marked @Optional or defined&#10;"/>
  </testcase>
  <testcase name="Privacy_policy_Header_Test" classname="Search.HomePageTest" time="0">
    <skipped message="&#10;Parameter &apos;os&apos; is required by BeforeMethod on method setDriver but has not been marked @Optional or defined&#10;"/>
  </testcase>
  <testcase name="STU_VALUE_CHEK_Test" classname="Search.HomePageTest" time="0">
    <skipped message="&#10;Parameter &apos;os&apos; is required by BeforeMethod on method setDriver but has not been marked @Optional or defined&#10;"/>
  </testcase>
  <testcase name="Terms_of_use_Header_Test" classname="Search.HomePageTest" time="0">
    <skipped message="&#10;Parameter &apos;os&apos; is required by BeforeMethod on method setDriver but has not been marked @Optional or defined&#10;"/>
  </testcase>
  <testcase name="The_ABCs_of_the_HELOC_article_link_Test" classname="Search.HomePageTest" time="0">
    <skipped message="&#10;Parameter &apos;os&apos; is required by BeforeMethod on method setDriver but has not been marked @Optional or defined&#10;"/>
  </testcase>
  <testcase name="ULT_cash_back_creditcard_grouplink_Test" classname="Search.HomePageTest" time="0">
    <skipped message="&#10;Parameter &apos;os&apos; is required by BeforeMethod on method setDriver but has not been marked @Optional or defined&#10;"/>
  </testcase>
  <testcase name="top_10_credit_tips_article_link_Test" classname="Search.HomePageTest" time="0">
    <skipped message="&#10;Parameter &apos;os&apos; is required by BeforeMethod on method setDriver but has not been marked @Optional or defined&#10;"/>
  </testcase>
  <testcase name="top_5_text_email_mobile_alert_article_link_Test" classname="Search.HomePageTest" time="0">
    <skipped message="&#10;Parameter &apos;os&apos; is required by BeforeMethod on method setDriver but has not been marked @Optional or defined&#10;"/>
  </testcase>
  <testcase name="top_9_Ways_to_Save_Serious_$_article_link_Test" classname="Search.HomePageTest" time="0">
    <skipped message="&#10;Parameter &apos;os&apos; is required by BeforeMethod on method setDriver but has not been marked @Optional or defined&#10;"/>
  </testcase>
  <testcase name="setDriver" classname="Search.LoginPageTest" time="1.833">
    <failure message="&#10;Parameter &apos;os&apos; is required by BeforeMethod on method setDriver but has not been marked @Optional or defined&#10;" type="org.testng.TestNGException">org.testng.TestNGException: 

Parameter 'os' is required by BeforeMethod on method setDriver but has not been marked @Optional or defined

</failure>
  </testcase>
  <testcase name="setDriver" classname="Search.LoginPageTest" time="0">
    <skipped/>
  </testcase>
  <testcase name="setDriver" classname="Search.LoginPageTest" time="0">
    <skipped/>
  </testcase>
  <testcase name="setUp" classname="Search.LoginPageTest" time="0">
    <skipped/>
  </testcase>
  <testcase name="setUp" classname="Search.LoginPageTest" time="0">
    <skipped/>
  </testcase>
  <testcase name="setUp" classname="Search.LoginPageTest" time="0">
    <skipped/>
  </testcase>
  <testcase name="startExtent" classname="Search.LoginPageTest" time="0">
    <skipped/>
  </testcase>
  <testcase name="startExtent" classname="Search.LoginPageTest" time="0">
    <skipped/>
  </testcase>
  <testcase name="startExtent" classname="Search.LoginPageTest" time="0">
    <skipped/>
  </testcase>
  <testcase name="initelement" classname="Search.LoginPageTest" time="0">
    <skipped/>
  </testcase>
  <testcase name="initelement" classname="Search.LoginPageTest" time="0">
    <skipped/>
  </testcase>
  <testcase name="initelement" classname="Search.LoginPageTest" time="0">
    <skipped/>
  </testcase>
  <testcase name="signIn" classname="Search.LoginPageTest" time="0">
    <skipped message="&#10;Parameter &apos;os&apos; is required by BeforeMethod on method setDriver but has not been marked @Optional or defined&#10;"/>
  </testcase>
  <testcase name="signIn" classname="Search.LoginPageTest" time="0">
    <skipped message="&#10;Parameter &apos;os&apos; is required by BeforeMethod on method setDriver but has not been marked @Optional or defined&#10;"/>
  </testcase>
  <testcase name="signIn" classname="Search.LoginPageTest" time="0">
    <skipped message="&#10;Parameter &apos;os&apos; is required by BeforeMethod on method setDriver but has not been marked @Optional or defined&#10;"/>
  </testcase>
  <testcase name="afterEachTestMethod" classname="Search.LoginPageTest" time="0">
    <skipped/>
  </testcase>
  <testcase name="afterEachTestMethod" classname="Search.LoginPageTest" time="0">
    <skipped/>
  </testcase>
  <testcase name="afterEachTestMethod" classname="Search.LoginPageTest" time="0">
    <skipped/>
  </testcase>
  <testcase name="generateReport" classname="Search.PageSearch_option_attempt_Test" time="0">
    <skipped/>
  </testcase>
</testsuite>